Determining if the pthread_create exist failed with the following output:
Change Dir: /home/mujeeb/Desktop/Robotics/Projects/BuildMyWorld/CMakeFiles/CMakeTmp

Run Build Command:"/usr/bin/make" "cmTC_140f5/fast"
/usr/bin/make -f CMakeFiles/cmTC_140f5.dir/build.make CMakeFiles/cmTC_140f5.dir/build
make[1]: Entering directory '/home/mujeeb/Desktop/Robotics/Projects/BuildMyWorld/CMakeFiles/CMakeTmp'
Building C object CMakeFiles/cmTC_140f5.dir/CheckSymbolExists.c.o
/usr/bin/cc    -o CMakeFiles/cmTC_140f5.dir/CheckSymbolExists.c.o   -c /home/mujeeb/Desktop/Robotics/Projects/BuildMyWorld/CMakeFiles/CMakeTmp/CheckSymbolExists.c
Linking C executable cmTC_140f5
/usr/bin/cmake -E cmake_link_script CMakeFiles/cmTC_140f5.dir/link.txt --verbose=1
/usr/bin/cc      -rdynamic CMakeFiles/cmTC_140f5.dir/CheckSymbolExists.c.o  -o cmTC_140f5 
CMakeFiles/cmTC_140f5.dir/CheckSymbolExists.c.o: In function `main':
CheckSymbolExists.c:(.text+0x1b): undefined reference to `pthread_create'
collect2: error: ld returned 1 exit status
CMakeFiles/cmTC_140f5.dir/build.make:97: recipe for target 'cmTC_140f5' failed
make[1]: *** [cmTC_140f5] Error 1
make[1]: Leaving directory '/home/mujeeb/Desktop/Robotics/Projects/BuildMyWorld/CMakeFiles/CMakeTmp'
Makefile:126: recipe for target 'cmTC_140f5/fast' failed
make: *** [cmTC_140f5/fast] Error 2

File /home/mujeeb/Desktop/Robotics/Projects/BuildMyWorld/CMakeFiles/CMakeTmp/CheckSymbolExists.c:
/* */
#include <pthread.h>

int main(int argc, char** argv)
{
  (void)argv;
#ifndef pthread_create
  return ((int*)(&pthread_create))[argc];
#else
  (void)argc;
  return 0;
#endif
}

Determining if the function pthread_create exists in the pthreads failed with the following output:
Change Dir: /home/mujeeb/Desktop/Robotics/Projects/BuildMyWorld/CMakeFiles/CMakeTmp

Run Build Command:"/usr/bin/make" "cmTC_ceeba/fast"
/usr/bin/make -f CMakeFiles/cmTC_ceeba.dir/build.make CMakeFiles/cmTC_ceeba.dir/build
make[1]: Entering directory '/home/mujeeb/Desktop/Robotics/Projects/BuildMyWorld/CMakeFiles/CMakeTmp'
Building C object CMakeFiles/cmTC_ceeba.dir/CheckFunctionExists.c.o
/usr/bin/cc   -DCHECK_FUNCTION_EXISTS=pthread_create   -o CMakeFiles/cmTC_ceeba.dir/CheckFunctionExists.c.o   -c /usr/share/cmake-3.10/Modules/CheckFunctionExists.c
Linking C executable cmTC_ceeba
/usr/bin/cmake -E cmake_link_script CMakeFiles/cmTC_ceeba.dir/link.txt --verbose=1
/usr/bin/cc  -DCHECK_FUNCTION_EXISTS=pthread_create    -rdynamic CMakeFiles/cmTC_ceeba.dir/CheckFunctionExists.c.o  -o cmTC_ceeba -lpthreads 
/usr/bin/ld: cannot find -lpthreads
collect2: error: ld returned 1 exit status
CMakeFiles/cmTC_ceeba.dir/build.make:97: recipe for target 'cmTC_ceeba' failed
make[1]: *** [cmTC_ceeba] Error 1
make[1]: Leaving directory '/home/mujeeb/Desktop/Robotics/Projects/BuildMyWorld/CMakeFiles/CMakeTmp'
Makefile:126: recipe for target 'cmTC_ceeba/fast' failed
make: *** [cmTC_ceeba/fast] Error 2


